TN:
SF:app.js
FNF:0
FNH:0
DA:1,1
DA:2,1
DA:3,1
DA:4,1
DA:5,1
DA:6,1
DA:7,1
DA:8,1
DA:9,1
DA:10,1
DA:11,1
DA:12,0
DA:13,0
DA:14,0
DA:15,0
DA:16,0
DA:17,0
DA:18,0
DA:19,0
DA:20,0
DA:21,0
DA:22,1
DA:23,1
DA:24,0
DA:25,0
DA:26,0
DA:27,0
DA:28,1
DA:29,1
LF:29
LH:15
BRDA:23,0,0,0
BRF:1
BRH:0
end_of_record
TN:
SF:index.js
FN:5,calcularDeducaoDependentes
FN:10,calcularSalarioBase
FN:17,calcularSalarioLiquido
FNF:3
FNH:3
FNDA:1,calcularDeducaoDependentes
FNDA:1,calcularSalarioBase
FNDA:1,calcularSalarioLiquido
DA:1,1
DA:2,1
DA:3,1
DA:4,1
DA:5,1
DA:6,1
DA:7,1
DA:8,1
DA:9,1
DA:10,1
DA:11,1
DA:12,1
DA:13,1
DA:14,1
DA:15,1
DA:16,1
DA:17,1
DA:18,1
DA:19,1
DA:20,1
DA:21,1
DA:22,1
DA:23,1
DA:24,1
DA:25,1
DA:26,1
DA:27,1
DA:28,1
LF:28
LH:28
BRDA:5,0,0,1
BRDA:10,1,0,1
BRDA:17,2,0,1
BRF:3
BRH:3
end_of_record
TN:
SF:inss.js
FN:2,obterFaixas
FN:16,calcularDescontoFaixa
FN:18,calcularDescontoResidual
FN:24,calcularDescontoProgressivo
FN:61,calcularDescontoFaixa
FNF:5
FNH:4
FNDA:3,obterFaixas
FNDA:0,calcularDescontoFaixa
FNDA:1,calcularDescontoResidual
FNDA:1,calcularDescontoProgressivo
FNDA:3,calcularDescontoFaixa
DA:1,1
DA:2,1
DA:3,3
DA:4,3
DA:5,3
DA:6,3
DA:7,3
DA:8,3
DA:9,3
DA:10,3
DA:11,3
DA:12,3
DA:13,3
DA:14,1
DA:15,1
DA:16,1
DA:17,1
DA:18,1
DA:19,1
DA:20,1
DA:21,1
DA:22,1
DA:23,1
DA:24,1
DA:25,1
DA:26,1
DA:27,1
DA:28,1
DA:29,1
DA:30,1
DA:31,0
DA:32,0
DA:33,1
DA:34,1
DA:35,3
DA:36,3
DA:37,3
DA:38,2
DA:39,2
DA:40,3
DA:41,1
DA:42,1
DA:43,1
DA:44,1
DA:45,1
DA:46,1
DA:47,1
DA:48,1
DA:49,1
DA:50,3
DA:51,1
DA:52,1
DA:53,1
DA:54,1
DA:55,1
DA:56,1
DA:57,1
DA:58,1
DA:59,1
DA:60,1
DA:61,1
DA:62,3
DA:63,3
DA:64,1
LF:64
LH:62
BRDA:2,0,0,3
BRDA:18,1,0,1
BRDA:24,2,0,1
BRDA:30,3,0,0
BRDA:34,4,0,3
BRDA:37,5,0,2
BRDA:40,6,0,1
BRDA:41,7,0,0
BRDA:53,8,0,3
BRDA:61,9,0,3
BRF:10
BRH:8
end_of_record
TN:
SF:irrf.js
FN:2,obterFaixas
FN:41,faixaContemplaValor
FN:45,calcularDescontoFaixa
FN:60,calculardesconto
FNF:4
FNH:4
FNDA:4,obterFaixas
FNDA:6,faixaContemplaValor
FNDA:2,calcularDescontoFaixa
FNDA:2,calculardesconto
DA:1,1
DA:2,1
DA:3,4
DA:4,4
DA:5,4
DA:6,4
DA:7,4
DA:8,4
DA:9,4
DA:10,4
DA:11,4
DA:12,4
DA:13,4
DA:14,4
DA:15,4
DA:16,4
DA:17,4
DA:18,4
DA:19,4
DA:20,4
DA:21,4
DA:22,4
DA:23,4
DA:24,4
DA:25,4
DA:26,4
DA:27,4
DA:28,4
DA:29,4
DA:30,4
DA:31,4
DA:32,4
DA:33,4
DA:34,4
DA:35,4
DA:36,4
DA:37,4
DA:38,4
DA:39,1
DA:40,1
DA:41,1
DA:42,6
DA:43,1
DA:44,1
DA:45,1
DA:46,2
DA:47,0
DA:48,0
DA:49,2
DA:50,2
DA:51,2
DA:52,2
DA:53,2
DA:54,2
DA:55,2
DA:56,2
DA:57,2
DA:58,1
DA:59,1
DA:60,1
DA:61,2
DA:62,2
DA:63,2
DA:64,5
DA:65,5
DA:66,5
DA:67,2
DA:68,2
DA:69,2
DA:70,2
DA:71,2
DA:72,2
DA:73,5
DA:74,0
DA:75,0
DA:76,0
DA:77,0
DA:78,0
DA:79,1
LF:79
LH:72
BRDA:2,0,0,4
BRDA:41,1,0,6
BRDA:45,2,0,2
BRDA:46,3,0,0
BRDA:60,4,0,2
BRDA:63,5,0,5
BRDA:66,6,0,2
BRDA:73,7,0,0
BRF:8
BRH:6
end_of_record
